[s6-init] making user provided files available at /var/run/s6/etc...exited 0.
[s6-init] ensuring user provided files have correct perms...exited 0.
[fix-attrs.d] applying ownership & permissions fixes...
[fix-attrs.d] done.
[cont-init.d] executing container initialization scripts...
[cont-init.d] done.
[services.d] starting services
/opt/bin/serf agent --join ha --replay --event-handler member-join=/serf-handlers/member-join.sh --event-handler member-leave,member-failed=/serf-handlers/member-leave.sh --tag role=balancer
[services.d] done.
==> Starting Serf agent...
==> Starting Serf agent RPC...
==> Serf agent running!
         Node name: '16ca70838695'
         Bind addr: '0.0.0.0:7946'
                       RPC addr: '127.0.0.1:7373'
                      Encrypted: false
                       Snapshot: false
                        Profile: lan
    Message Compression Enabled: true
==> Joining cluster...(replay: true)
    Join completed. Synced with 1 initial agents

==> Log data will now stream in as it occurs:

    2020/12/07 10:16:48 [INFO] agent: Serf agent starting
    2020/12/07 10:16:48 [INFO] serf: EventMemberJoin: 16ca70838695 192.168.42.42
    2020/12/07 10:16:48 [INFO] agent: joining: [ha] replay: true
    2020/12/07 10:16:48 [INFO] agent: joined: 1 nodes
    2020/12/07 10:16:48 [INFO] serf: EventMemberJoin: 5822ada09b8a 192.168.42.22
    2020/12/07 10:16:48 [INFO] serf: EventMemberJoin: d38a324f6b81 192.168.42.11
    2020/12/07 10:16:49 [INFO] agent: Received event: member-join
    2020/12/07 10:16:49 [ERR] agent: Error invoking script '/serf-handlers/member-join.sh': exit status 127
    2020/12/07 10:17:13 [INFO] memberlist: Suspect d38a324f6b81 has failed, no acks received
    2020/12/07 10:17:15 [INFO] memberlist: Suspect 5822ada09b8a has failed, no acks received
    2020/12/07 10:17:17 [INFO] memberlist: Marking d38a324f6b81 as failed, suspect timeout reached (0 peer confirmations)
    2020/12/07 10:17:17 [INFO] serf: EventMemberLeave: d38a324f6b81 192.168.42.11
    2020/12/07 10:17:18 [INFO] memberlist: Suspect d38a324f6b81 has failed, no acks received
    2020/12/07 10:17:18 [INFO] agent: Received event: member-leave
    2020/12/07 10:17:18 [ERR] agent: Error invoking script '/serf-handlers/member-leave.sh': exit status 127
    2020/12/07 10:17:19 [INFO] memberlist: Marking 5822ada09b8a as failed, suspect timeout reached (0 peer confirmations)
    2020/12/07 10:17:19 [INFO] serf: EventMemberLeave: 5822ada09b8a 192.168.42.22
    2020/12/07 10:17:20 [INFO] agent: Received event: member-leave
    2020/12/07 10:17:20 [ERR] agent: Error invoking script '/serf-handlers/member-leave.sh': exit status 127
