[s6-init] making user provided files available at /var/run/s6/etc...exited 0.
[s6-init] ensuring user provided files have correct perms...exited 0.
[fix-attrs.d] applying ownership & permissions fixes...
[fix-attrs.d] done.
[cont-init.d] executing container initialization scripts...
[cont-init.d] done.
[services.d] starting services
/opt/bin/serf agent --join ha --tag role=backend
==> Starting Serf agent...
==> Starting Serf agent RPC...
==> Serf agent running!
         Node name: 'a956aedcf99f'
         Bind addr: '0.0.0.0:7946'
                       RPC addr: '127.0.0.1:7373'
                      Encrypted: false
                       Snapshot: false
                        Profile: lan
    Message Compression Enabled: true
==> Joining cluster...(replay: false)
[services.d] done.
    Join completed. Synced with 1 initial agents

==> Log data will now stream in as it occurs:

    2020/12/07 16:52:37 [INFO] agent: Serf agent starting
    2020/12/07 16:52:37 [INFO] serf: EventMemberJoin: a956aedcf99f 192.168.42.4
    2020/12/07 16:52:37 [INFO] agent: joining: [ha] replay: false
    2020/12/07 16:52:37 [INFO] serf: EventMemberJoin: f041c4ff08d5 192.168.42.3
    2020/12/07 16:52:37 [INFO] serf: EventMemberJoin: 000c68af90cf 192.168.42.2
    2020/12/07 16:52:37 [INFO] agent: joined: 1 nodes
Application started
    2020/12/07 16:52:38 [INFO] agent: Received event: member-join
